<?xml version="1.0" encoding="UTF-8" ?>
<testsuite tests="5" failures="0" name="MODEL.EmployeeTest" time="0.093" errors="1" skipped="0">
  <properties>
[...]
</properties>
  <testcase classname="MODEL.EmployeeTest" name="testSearchEmp" time="0.004"/>
  <testcase classname="MODEL.EmployeeTest" name="testLoginEmp" time="0.004"/>
  <testcase classname="MODEL.EmployeeTest" name="testSaveUser" time="0.045">
    <error message="could not execute statement" type="org.hibernate.exception.ConstraintViolationException">org.hibernate.exception.ConstraintViolationException: could not execute statement
	at org.hibernate.exception.internal.SQLExceptionTypeDelegate.convert(SQLExceptionTypeDelegate.java:72)
	at org.hibernate.exception.internal.StandardSQLExceptionConverter.convert(StandardSQLExceptionConverter.java:49)
	at org.hibernate.engine.jdbc.spi.SqlExceptionHelper.convert(SqlExceptionHelper.java:126)
	at org.hibernate.engine.jdbc.spi.SqlExceptionHelper.convert(SqlExceptionHelper.java:112)
	at org.hibernate.engine.jdbc.internal.ResultSetReturnImpl.executeUpdate(ResultSetReturnImpl.java:211)
	at org.hibernate.engine.jdbc.batch.internal.NonBatchingBatch.addToBatch(NonBatchingBatch.java:62)
	at org.hibernate.persister.entity.AbstractEntityPersister.insert(AbstractEntityPersister.java:3124)
	at org.hibernate.persister.entity.AbstractEntityPersister.insert(AbstractEntityPersister.java:3581)
	at org.hibernate.action.internal.EntityInsertAction.execute(EntityInsertAction.java:104)
	at org.hibernate.engine.spi.ActionQueue.executeActions(ActionQueue.java:465)
	at org.hibernate.engine.spi.ActionQueue.executeActions(ActionQueue.java:351)
	at org.hibernate.event.internal.AbstractFlushingEventListener.performExecutions(AbstractFlushingEventListener.java:350)
	at org.hibernate.event.internal.DefaultFlushEventListener.onFlush(DefaultFlushEventListener.java:56)
	at org.hibernate.internal.SessionImpl.flush(SessionImpl.java:1258)
	at org.hibernate.internal.SessionImpl.managedFlush(SessionImpl.java:425)
	at org.hibernate.engine.transaction.internal.jdbc.JdbcTransaction.beforeTransactionCommit(JdbcTransaction.java:101)
	at org.hibernate.engine.transaction.spi.AbstractTransactionImpl.commit(AbstractTransactionImpl.java:177)
	at MODEL.Employee.saveUser(Employee.java:55)
	at MODEL.EmployeeTest.testSaveUser(EmployeeTest.java:76)
	at sun.reflect.NativeMethodAccessorImpl.invoke0(Native Method)
	at sun.reflect.NativeMethodAccessorImpl.invoke(NativeMethodAccessorImpl.java:62)
	at sun.reflect.DelegatingMethodAccessorImpl.invoke(DelegatingMethodAccessorImpl.java:43)
	at java.lang.reflect.Method.invoke(Method.java:498)
	at org.junit.runners.model.FrameworkMethod$1.runReflectiveCall(FrameworkMethod.java:59)
	at org.junit.internal.runners.model.ReflectiveCallable.run(ReflectiveCallable.java:12)
	at org.junit.runners.model.FrameworkMethod.invokeExplosively(FrameworkMethod.java:56)
	at org.junit.internal.runners.statements.InvokeMethod.evaluate(InvokeMethod.java:17)
	at org.junit.runners.ParentRunner$3.evaluate(ParentRunner.java:306)
	at org.junit.runners.BlockJUnit4ClassRunner$1.evaluate(BlockJUnit4ClassRunner.java:100)
	at org.junit.runners.ParentRunner.runLeaf(ParentRunner.java:366)
	at org.junit.runners.BlockJUnit4ClassRunner.runChild(BlockJUnit4ClassRunner.java:103)
	at org.junit.runners.BlockJUnit4ClassRunner.runChild(BlockJUnit4ClassRunner.java:63)
	at org.junit.runners.ParentRunner$4.run(ParentRunner.java:331)
	at org.junit.runners.ParentRunner$1.schedule(ParentRunner.java:79)
	at org.junit.runners.ParentRunner.runChildren(ParentRunner.java:329)
	at org.junit.runners.ParentRunner.access$100(ParentRunner.java:66)
	at org.junit.runners.ParentRunner$2.evaluate(ParentRunner.java:293)
	at org.junit.internal.runners.statements.RunBefores.evaluate(RunBefores.java:26)
	at org.junit.internal.runners.statements.RunAfters.evaluate(RunAfters.java:27)
	at org.junit.runners.ParentRunner$3.evaluate(ParentRunner.java:306)
	at org.junit.runners.ParentRunner.run(ParentRunner.java:413)
	at org.apache.maven.surefire.junit4.JUnit4TestSet.execute(JUnit4TestSet.java:53)
	at org.apache.maven.surefire.junit4.JUnit4Provider.executeTestSet(JUnit4Provider.java:123)
	at org.apache.maven.surefire.junit4.JUnit4Provider.invoke(JUnit4Provider.java:104)
	at sun.reflect.NativeMethodAccessorImpl.invoke0(Native Method)
	at sun.reflect.NativeMethodAccessorImpl.invoke(NativeMethodAccessorImpl.java:62)
	at sun.reflect.DelegatingMethodAccessorImpl.invoke(DelegatingMethodAccessorImpl.java:43)
	at java.lang.reflect.Method.invoke(Method.java:498)
	at org.apache.maven.surefire.util.ReflectionUtils.invokeMethodWithArray(ReflectionUtils.java:164)
	at org.apache.maven.surefire.booter.ProviderFactory$ProviderProxy.invoke(ProviderFactory.java:110)
	at org.apache.maven.surefire.booter.SurefireStarter.invokeProvider(SurefireStarter.java:175)
	at org.apache.maven.surefire.booter.SurefireStarter.runSuitesInProcessWhenForked(SurefireStarter.java:107)
	at org.apache.maven.surefire.booter.ForkedBooter.main(ForkedBooter.java:68)
Caused by: java.sql.SQLIntegrityConstraintViolationException: Duplicate entry &apos;123&apos; for key &apos;υπαλληλοσ.ΚΩΔΙΚΟΣ&apos;
	at com.mysql.cj.jdbc.exceptions.SQLError.createSQLException(SQLError.java:117)
	at com.mysql.cj.jdbc.exceptions.SQLError.createSQLException(SQLError.java:97)
	at com.mysql.cj.jdbc.exceptions.SQLExceptionsMapping.translateException(SQLExceptionsMapping.java:122)
	at com.mysql.cj.jdbc.ClientPreparedStatement.executeInternal(ClientPreparedStatement.java:953)
	at com.mysql.cj.jdbc.ClientPreparedStatement.executeUpdateInternal(ClientPreparedStatement.java:1092)
	at com.mysql.cj.jdbc.ClientPreparedStatement.executeUpdateInternal(ClientPreparedStatement.java:1040)
	at com.mysql.cj.jdbc.ClientPreparedStatement.executeLargeUpdate(ClientPreparedStatement.java:1347)
	at com.mysql.cj.jdbc.ClientPreparedStatement.executeUpdate(ClientPreparedStatement.java:1025)
	at org.hibernate.engine.jdbc.internal.ResultSetReturnImpl.executeUpdate(ResultSetReturnImpl.java:208)
	... 48 more
</error>
    <system-out>saveUser
[DEBUG] begin
[DEBUG] Obtaining JDBC connection
[DEBUG] Obtained JDBC connection
[DEBUG] initial autocommit status: false
[DEBUG] Generated identifier: 5485, using strategy: org.hibernate.id.Assigned
[DEBUG] committing
[DEBUG] Processing flush-time cascades
[DEBUG] Dirty checking collections
[DEBUG] Flushed: 1 insertions, 0 updates, 0 deletions to 1 objects
[DEBUG] Flushed: 0 (re)creations, 0 updates, 0 removals to 0 collections
[DEBUG] Listing entities:
[DEBUG] MODEL.Employee{password=123, registryNumber=5485, phone=694769986, surname=PAPANASTASIOU, name=NEKTARIOS, email=PAPANASTASIOUARIS@GMAIL.gr, username=ARI}
[DEBUG] insert into ΥΠΑΛΛΗΛΟΣ (ΗΛΕΚΤΡΟΝΙΚΗ_ΔΙΕΥΘΥΝΣΗ, ΟΝΟΜΑ, ΚΩΔΙΚΟΣ, ΤΗΛΕΦΩΝΟ, ΕΠΙΘΕΤΟ, ΟΝΟΜΑ_ΧΡΗΣΤΗ, ΑΡΙΘΜΟΣ_ΜΗΤΡΩΟΥ) values (?, ?, ?, ?, ?, ?, ?)
Hibernate: insert into ΥΠΑΛΛΗΛΟΣ (ΗΛΕΚΤΡΟΝΙΚΗ_ΔΙΕΥΘΥΝΣΗ, ΟΝΟΜΑ, ΚΩΔΙΚΟΣ, ΤΗΛΕΦΩΝΟ, ΕΠΙΘΕΤΟ, ΟΝΟΜΑ_ΧΡΗΣΤΗ, ΑΡΙΘΜΟΣ_ΜΗΤΡΩΟΥ) values (?, ?, ?, ?, ?, ?, ?)
[DEBUG] could not execute statement [n/a]
java.sql.SQLIntegrityConstraintViolationException: Duplicate entry &apos;123&apos; for key &apos;υπαλληλοσ.ΚΩΔΙΚΟΣ&apos;
	at com.mysql.cj.jdbc.exceptions.SQLError.createSQLException(SQLError.java:117) ~[mysql-connector-java-8.0.19.jar:8.0.19]
	at com.mysql.cj.jdbc.exceptions.SQLError.createSQLException(SQLError.java:97) ~[mysql-connector-java-8.0.19.jar:8.0.19]
	at com.mysql.cj.jdbc.exceptions.SQLExceptionsMapping.translateException(SQLExceptionsMapping.java:122) ~[mysql-connector-java-8.0.19.jar:8.0.19]
	at com.mysql.cj.jdbc.ClientPreparedStatement.executeInternal(ClientPreparedStatement.java:953) ~[mysql-connector-java-8.0.19.jar:8.0.19]
	at com.mysql.cj.jdbc.ClientPreparedStatement.executeUpdateInternal(ClientPreparedStatement.java:1092) ~[mysql-connector-java-8.0.19.jar:8.0.19]
	at com.mysql.cj.jdbc.ClientPreparedStatement.executeUpdateInternal(ClientPreparedStatement.java:1040) ~[mysql-connector-java-8.0.19.jar:8.0.19]
	at com.mysql.cj.jdbc.ClientPreparedStatement.executeLargeUpdate(ClientPreparedStatement.java:1347) ~[mysql-connector-java-8.0.19.jar:8.0.19]
	at com.mysql.cj.jdbc.ClientPreparedStatement.executeUpdate(ClientPreparedStatement.java:1025) ~[mysql-connector-java-8.0.19.jar:8.0.19]
	at org.hibernate.engine.jdbc.internal.ResultSetReturnImpl.executeUpdate(ResultSetReturnImpl.java:208) ~[hibernate-core-4.3.11.Final.jar:4.3.11.Final]
	at org.hibernate.engine.jdbc.batch.internal.NonBatchingBatch.addToBatch(NonBatchingBatch.java:62) ~[hibernate-core-4.3.11.Final.jar:4.3.11.Final]
	at org.hibernate.persister.entity.AbstractEntityPersister.insert(AbstractEntityPersister.java:3124) ~[hibernate-core-4.3.11.Final.jar:4.3.11.Final]
	at org.hibernate.persister.entity.AbstractEntityPersister.insert(AbstractEntityPersister.java:3581) ~[hibernate-core-4.3.11.Final.jar:4.3.11.Final]
	at org.hibernate.action.internal.EntityInsertAction.execute(EntityInsertAction.java:104) [hibernate-core-4.3.11.Final.jar:4.3.11.Final]
	at org.hibernate.engine.spi.ActionQueue.executeActions(ActionQueue.java:465) [hibernate-core-4.3.11.Final.jar:4.3.11.Final]
	at org.hibernate.engine.spi.ActionQueue.executeActions(ActionQueue.java:351) [hibernate-core-4.3.11.Final.jar:4.3.11.Final]
	at org.hibernate.event.internal.AbstractFlushingEventListener.performExecutions(AbstractFlushingEventListener.java:350) [hibernate-core-4.3.11.Final.jar:4.3.11.Final]
	at org.hibernate.event.internal.DefaultFlushEventListener.onFlush(DefaultFlushEventListener.java:56) [hibernate-core-4.3.11.Final.jar:4.3.11.Final]
	at org.hibernate.internal.SessionImpl.flush(SessionImpl.java:1258) [hibernate-core-4.3.11.Final.jar:4.3.11.Final]
	at org.hibernate.internal.SessionImpl.managedFlush(SessionImpl.java:425) [hibernate-core-4.3.11.Final.jar:4.3.11.Final]
	at org.hibernate.engine.transaction.internal.jdbc.JdbcTransaction.beforeTransactionCommit(JdbcTransaction.java:101) [hibernate-core-4.3.11.Final.jar:4.3.11.Final]
	at org.hibernate.engine.transaction.spi.AbstractTransactionImpl.commit(AbstractTransactionImpl.java:177) [hibernate-core-4.3.11.Final.jar:4.3.11.Final]
	at MODEL.Employee.saveUser(Employee.java:55) [classes/:na]
	at MODEL.EmployeeTest.testSaveUser(EmployeeTest.java:76) [test-classes/:na]
	at sun.reflect.NativeMethodAccessorImpl.invoke0(Native Method) ~[na:1.8.0_221]
	at sun.reflect.NativeMethodAccessorImpl.invoke(NativeMethodAccessorImpl.java:62) ~[na:1.8.0_221]
	at sun.reflect.DelegatingMethodAccessorImpl.invoke(DelegatingMethodAccessorImpl.java:43) ~[na:1.8.0_221]
	at java.lang.reflect.Method.invoke(Method.java:498) ~[na:1.8.0_221]
	at org.junit.runners.model.FrameworkMethod$1.runReflectiveCall(FrameworkMethod.java:59) [junit-4.13.jar:4.13]
	at org.junit.internal.runners.model.ReflectiveCallable.run(ReflectiveCallable.java:12) [junit-4.13.jar:4.13]
	at org.junit.runners.model.FrameworkMethod.invokeExplosively(FrameworkMethod.java:56) [junit-4.13.jar:4.13]
	at org.junit.internal.runners.statements.InvokeMethod.evaluate(InvokeMethod.java:17) [junit-4.13.jar:4.13]
	at org.junit.runners.ParentRunner$3.evaluate(ParentRunner.java:306) [junit-4.13.jar:4.13]
	at org.junit.runners.BlockJUnit4ClassRunner$1.evaluate(BlockJUnit4ClassRunner.java:100) [junit-4.13.jar:4.13]
	at org.junit.runners.ParentRunner.runLeaf(ParentRunner.java:366) [junit-4.13.jar:4.13]
	at org.junit.runners.BlockJUnit4ClassRunner.runChild(BlockJUnit4ClassRunner.java:103) [junit-4.13.jar:4.13]
	at org.junit.runners.BlockJUnit4ClassRunner.runChild(BlockJUnit4ClassRunner.java:63) [junit-4.13.jar:4.13]
	at org.junit.runners.ParentRunner$4.run(ParentRunner.java:331) [junit-4.13.jar:4.13]
	at org.junit.runners.ParentRunner$1.schedule(ParentRunner.java:79) [junit-4.13.jar:4.13]
	at org.junit.runners.ParentRunner.runChildren(ParentRunner.java:329) [junit-4.13.jar:4.13]
	at org.junit.runners.ParentRunner.access$100(ParentRunner.java:66) [junit-4.13.jar:4.13]
	at org.junit.runners.ParentRunner$2.evaluate(ParentRunner.java:293) [junit-4.13.jar:4.13]
	at org.junit.internal.runners.statements.RunBefores.evaluate(RunBefores.java:26) [junit-4.13.jar:4.13]
	at org.junit.internal.runners.statements.RunAfters.evaluate(RunAfters.java:27) [junit-4.13.jar:4.13]
	at org.junit.runners.ParentRunner$3.evaluate(ParentRunner.java:306) [junit-4.13.jar:4.13]
	at org.junit.runners.ParentRunner.run(ParentRunner.java:413) [junit-4.13.jar:4.13]
	at org.apache.maven.surefire.junit4.JUnit4TestSet.execute(JUnit4TestSet.java:53) [surefire-junit4-2.10.jar:2.10]
	at org.apache.maven.surefire.junit4.JUnit4Provider.executeTestSet(JUnit4Provider.java:123) [surefire-junit4-2.10.jar:2.10]
	at org.apache.maven.surefire.junit4.JUnit4Provider.invoke(JUnit4Provider.java:104) [surefire-junit4-2.10.jar:2.10]
	at sun.reflect.NativeMethodAccessorImpl.invoke0(Native Method) ~[na:1.8.0_221]
	at sun.reflect.NativeMethodAccessorImpl.invoke(NativeMethodAccessorImpl.java:62) ~[na:1.8.0_221]
	at sun.reflect.DelegatingMethodAccessorImpl.invoke(DelegatingMethodAccessorImpl.java:43) ~[na:1.8.0_221]
	at java.lang.reflect.Method.invoke(Method.java:498) ~[na:1.8.0_221]
	at org.apache.maven.surefire.util.ReflectionUtils.invokeMethodWithArray(ReflectionUtils.java:164) [surefire-api-2.10.jar:2.10]
	at org.apache.maven.surefire.booter.ProviderFactory$ProviderProxy.invoke(ProviderFactory.java:110) [surefire-booter-2.10.jar:2.10]
	at org.apache.maven.surefire.booter.SurefireStarter.invokeProvider(SurefireStarter.java:175) [surefire-booter-2.10.jar:2.10]
	at org.apache.maven.surefire.booter.SurefireStarter.runSuitesInProcessWhenForked(SurefireStarter.java:107) [surefire-booter-2.10.jar:2.10]
	at org.apache.maven.surefire.booter.ForkedBooter.main(ForkedBooter.java:68) [surefire-booter-2.10.jar:2.10]
[WARN] SQL Error: 1062, SQLState: 23000
[ERROR] Duplicate entry &apos;123&apos; for key &apos;υπαλληλοσ.ΚΩΔΙΚΟΣ&apos;
[INFO] HHH000010: On release of batch it still contained JDBC statements
[DEBUG] SQL Warning
java.sql.SQLWarning: Duplicate entry &apos;123&apos; for key &apos;υπαλληλοσ.ΚΩΔΙΚΟΣ&apos;
	at com.mysql.cj.protocol.a.NativeProtocol.convertShowWarningsToSQLWarnings(NativeProtocol.java:2065) ~[mysql-connector-java-8.0.19.jar:8.0.19]
	at com.mysql.cj.jdbc.StatementImpl.getWarnings(StatementImpl.java:1733) ~[mysql-connector-java-8.0.19.jar:8.0.19]
	at org.hibernate.engine.jdbc.spi.SqlExceptionHelper.handleAndClearWarnings(SqlExceptionHelper.java:320) ~[hibernate-core-4.3.11.Final.jar:4.3.11.Final]
	at org.hibernate.engine.jdbc.spi.SqlExceptionHelper.logAndClearWarnings(SqlExceptionHelper.java:273) ~[hibernate-core-4.3.11.Final.jar:4.3.11.Final]
	at org.hibernate.engine.jdbc.internal.JdbcCoordinatorImpl.close(JdbcCoordinatorImpl.java:529) [hibernate-core-4.3.11.Final.jar:4.3.11.Final]
	at org.hibernate.engine.jdbc.internal.JdbcCoordinatorImpl.release(JdbcCoordinatorImpl.java:421) [hibernate-core-4.3.11.Final.jar:4.3.11.Final]
	at org.hibernate.engine.jdbc.batch.internal.AbstractBatchImpl.releaseStatements(AbstractBatchImpl.java:173) [hibernate-core-4.3.11.Final.jar:4.3.11.Final]
	at org.hibernate.engine.jdbc.batch.internal.AbstractBatchImpl.release(AbstractBatchImpl.java:210) [hibernate-core-4.3.11.Final.jar:4.3.11.Final]
	at org.hibernate.engine.jdbc.internal.JdbcCoordinatorImpl.abortBatch(JdbcCoordinatorImpl.java:235) [hibernate-core-4.3.11.Final.jar:4.3.11.Final]
	at org.hibernate.engine.jdbc.batch.internal.AbstractBatchImpl.abortBatch(AbstractBatchImpl.java:112) [hibernate-core-4.3.11.Final.jar:4.3.11.Final]
	at org.hibernate.engine.jdbc.batch.internal.NonBatchingBatch.addToBatch(NonBatchingBatch.java:71) [hibernate-core-4.3.11.Final.jar:4.3.11.Final]
	at org.hibernate.persister.entity.AbstractEntityPersister.insert(AbstractEntityPersister.java:3124) [hibernate-core-4.3.11.Final.jar:4.3.11.Final]
	at org.hibernate.persister.entity.AbstractEntityPersister.insert(AbstractEntityPersister.java:3581) [hibernate-core-4.3.11.Final.jar:4.3.11.Final]
	at org.hibernate.action.internal.EntityInsertAction.execute(EntityInsertAction.java:104) [hibernate-core-4.3.11.Final.jar:4.3.11.Final]
	at org.hibernate.engine.spi.ActionQueue.executeActions(ActionQueue.java:465) [hibernate-core-4.3.11.Final.jar:4.3.11.Final]
	at org.hibernate.engine.spi.ActionQueue.executeActions(ActionQueue.java:351) [hibernate-core-4.3.11.Final.jar:4.3.11.Final]
	at org.hibernate.event.internal.AbstractFlushingEventListener.performExecutions(AbstractFlushingEventListener.java:350) [hibernate-core-4.3.11.Final.jar:4.3.11.Final]
	at org.hibernate.event.internal.DefaultFlushEventListener.onFlush(DefaultFlushEventListener.java:56) [hibernate-core-4.3.11.Final.jar:4.3.11.Final]
	at org.hibernate.internal.SessionImpl.flush(SessionImpl.java:1258) [hibernate-core-4.3.11.Final.jar:4.3.11.Final]
	at org.hibernate.internal.SessionImpl.managedFlush(SessionImpl.java:425) [hibernate-core-4.3.11.Final.jar:4.3.11.Final]
	at org.hibernate.engine.transaction.internal.jdbc.JdbcTransaction.beforeTransactionCommit(JdbcTransaction.java:101) [hibernate-core-4.3.11.Final.jar:4.3.11.Final]
	at org.hibernate.engine.transaction.spi.AbstractTransactionImpl.commit(AbstractTransactionImpl.java:177) [hibernate-core-4.3.11.Final.jar:4.3.11.Final]
	at MODEL.Employee.saveUser(Employee.java:55) [classes/:na]
	at MODEL.EmployeeTest.testSaveUser(EmployeeTest.java:76) [test-classes/:na]
	at sun.reflect.NativeMethodAccessorImpl.invoke0(Native Method) ~[na:1.8.0_221]
	at sun.reflect.NativeMethodAccessorImpl.invoke(NativeMethodAccessorImpl.java:62) ~[na:1.8.0_221]
	at sun.reflect.DelegatingMethodAccessorImpl.invoke(DelegatingMethodAccessorImpl.java:43) ~[na:1.8.0_221]
	at java.lang.reflect.Method.invoke(Method.java:498) ~[na:1.8.0_221]
	at org.junit.runners.model.FrameworkMethod$1.runReflectiveCall(FrameworkMethod.java:59) [junit-4.13.jar:4.13]
	at org.junit.internal.runners.model.ReflectiveCallable.run(ReflectiveCallable.java:12) [junit-4.13.jar:4.13]
	at org.junit.runners.model.FrameworkMethod.invokeExplosively(FrameworkMethod.java:56) [junit-4.13.jar:4.13]
	at org.junit.internal.runners.statements.InvokeMethod.evaluate(InvokeMethod.java:17) [junit-4.13.jar:4.13]
	at org.junit.runners.ParentRunner$3.evaluate(ParentRunner.java:306) [junit-4.13.jar:4.13]
	at org.junit.runners.BlockJUnit4ClassRunner$1.evaluate(BlockJUnit4ClassRunner.java:100) [junit-4.13.jar:4.13]
	at org.junit.runners.ParentRunner.runLeaf(ParentRunner.java:366) [junit-4.13.jar:4.13]
	at org.junit.runners.BlockJUnit4ClassRunner.runChild(BlockJUnit4ClassRunner.java:103) [junit-4.13.jar:4.13]
	at org.junit.runners.BlockJUnit4ClassRunner.runChild(BlockJUnit4ClassRunner.java:63) [junit-4.13.jar:4.13]
	at org.junit.runners.ParentRunner$4.run(ParentRunner.java:331) [junit-4.13.jar:4.13]
	at org.junit.runners.ParentRunner$1.schedule(ParentRunner.java:79) [junit-4.13.jar:4.13]
	at org.junit.runners.ParentRunner.runChildren(ParentRunner.java:329) [junit-4.13.jar:4.13]
	at org.junit.runners.ParentRunner.access$100(ParentRunner.java:66) [junit-4.13.jar:4.13]
	at org.junit.runners.ParentRunner$2.evaluate(ParentRunner.java:293) [junit-4.13.jar:4.13]
	at org.junit.internal.runners.statements.RunBefores.evaluate(RunBefores.java:26) [junit-4.13.jar:4.13]
	at org.junit.internal.runners.statements.RunAfters.evaluate(RunAfters.java:27) [junit-4.13.jar:4.13]
	at org.junit.runners.ParentRunner$3.evaluate(ParentRunner.java:306) [junit-4.13.jar:4.13]
	at org.junit.runners.ParentRunner.run(ParentRunner.java:413) [junit-4.13.jar:4.13]
	at org.apache.maven.surefire.junit4.JUnit4TestSet.execute(JUnit4TestSet.java:53) [surefire-junit4-2.10.jar:2.10]
	at org.apache.maven.surefire.junit4.JUnit4Provider.executeTestSet(JUnit4Provider.java:123) [surefire-junit4-2.10.jar:2.10]
	at org.apache.maven.surefire.junit4.JUnit4Provider.invoke(JUnit4Provider.java:104) [surefire-junit4-2.10.jar:2.10]
	at sun.reflect.NativeMethodAccessorImpl.invoke0(Native Method) ~[na:1.8.0_221]
	at sun.reflect.NativeMethodAccessorImpl.invoke(NativeMethodAccessorImpl.java:62) ~[na:1.8.0_221]
	at sun.reflect.DelegatingMethodAccessorImpl.invoke(DelegatingMethodAccessorImpl.java:43) ~[na:1.8.0_221]
	at java.lang.reflect.Method.invoke(Method.java:498) ~[na:1.8.0_221]
	at org.apache.maven.surefire.util.ReflectionUtils.invokeMethodWithArray(ReflectionUtils.java:164) [surefire-api-2.10.jar:2.10]
	at org.apache.maven.surefire.booter.ProviderFactory$ProviderProxy.invoke(ProviderFactory.java:110) [surefire-booter-2.10.jar:2.10]
	at org.apache.maven.surefire.booter.SurefireStarter.invokeProvider(SurefireStarter.java:175) [surefire-booter-2.10.jar:2.10]
	at org.apache.maven.surefire.booter.SurefireStarter.runSuitesInProcessWhenForked(SurefireStarter.java:107) [surefire-booter-2.10.jar:2.10]
	at org.apache.maven.surefire.booter.ForkedBooter.main(ForkedBooter.java:68) [surefire-booter-2.10.jar:2.10]
[WARN] SQL Warning Code: 1062, SQLState: 23000
[WARN] Duplicate entry &apos;123&apos; for key &apos;υπαλληλοσ.ΚΩΔΙΚΟΣ&apos;
</system-out>
  </testcase>
  <testcase classname="MODEL.EmployeeTest" name="testIsIsProistamenos" time="0"/>
  <testcase classname="MODEL.EmployeeTest" name="testListaEmployee" time="0.033"/>
</testsuite>